<?xml version="1.0" encoding="UTF-8"?>
<testng-results ignored="0" total="2" passed="2" failed="0" skipped="0">
  <reporter-output>
  </reporter-output>
  <suite started-at="2022-10-30T12:25:05 CDT" name="Any Suite" finished-at="2022-10-30T12:25:27 CDT" duration-ms="21538">
    <groups>
      <group name="cucumber">
        <method signature="AbstractTestNGCucumberTests.runScenario(io.cucumber.testng.PickleWrapper,io.cucumber.testng.FeatureWrapper)[pri:0, instance:testRunner.TestRunnerwithTestNG@409bf450]" name="runScenario" class="io.cucumber.testng.AbstractTestNGCucumberTests"/>
      </group> <!-- cucumber -->
    </groups>
    <test started-at="2022-10-30T12:25:05 CDT" name="All Test" finished-at="2022-10-30T12:25:27 CDT" duration-ms="21538">
      <class name="testRunner.TestRunnerwithTestNG">
        <test-method is-config="true" signature="setUpClass(org.testng.ITestContext)[pri:0, instance:testRunner.TestRunnerwithTestNG@409bf450]" started-at="2022-10-30T12:25:05 CDT" name="setUpClass" finished-at="2022-10-30T12:25:06 CDT" duration-ms="719" status="PASS">
          <params>
            <param index="0">
              <value>
                <![CDATA[org.testng.TestRunner@3bb87d36]]>
              </value>
            </param>
          </params>
          <reporter-output>
          </reporter-output>
        </test-method> <!-- setUpClass -->
        <test-method signature="runScenario(io.cucumber.testng.PickleWrapper,io.cucumber.testng.FeatureWrapper)[pri:0, instance:testRunner.TestRunnerwithTestNG@409bf450]" started-at="2022-10-30T12:25:06 CDT" name="runScenario" description="Runs Cucumber Scenarios" data-provider="scenarios" finished-at="2022-10-30T12:25:17 CDT" duration-ms="10766" status="PASS">
          <params>
            <param index="0">
              <value>
                <![CDATA["User sign on different kind of user name and password"]]>
              </value>
            </param>
            <param index="1">
              <value>
                <![CDATA["Guru99 Demo Signon"]]>
              </value>
            </param>
          </params>
          <reporter-output>
          </reporter-output>
        </test-method> <!-- runScenario -->
        <test-method signature="runScenario(io.cucumber.testng.PickleWrapper,io.cucumber.testng.FeatureWrapper)[pri:0, instance:testRunner.TestRunnerwithTestNG@409bf450]" started-at="2022-10-30T12:25:17 CDT" name="runScenario" description="Runs Cucumber Scenarios" data-provider="scenarios" finished-at="2022-10-30T12:25:27 CDT" duration-ms="9860" status="PASS">
          <params>
            <param index="0">
              <value>
                <![CDATA["User sign on different kind of user name and password"]]>
              </value>
            </param>
            <param index="1">
              <value>
                <![CDATA["Guru99 Demo Signon"]]>
              </value>
            </param>
          </params>
          <reporter-output>
          </reporter-output>
        </test-method> <!-- runScenario -->
        <test-method is-config="true" signature="tearDownClass()[pri:0, instance:testRunner.TestRunnerwithTestNG@409bf450]" started-at="2022-10-30T12:25:27 CDT" name="tearDownClass" finished-at="2022-10-30T12:25:27 CDT" duration-ms="76" status="PASS">
          <reporter-output>
          </reporter-output>
        </test-method> <!-- tearDownClass -->
      </class> <!-- testRunner.TestRunnerwithTestNG -->
    </test> <!-- All Test -->
  </suite> <!-- Any Suite -->
</testng-results>
